#
# There is insufficient memory for the Java Runtime Environment to continue.
# Native memory allocation (mmap) failed to map 130023424 bytes for G1 virtual space
# Possible reasons:
#   The system is out of physical RAM or swap space
#   The process is running with CompressedOops enabled, and the Java Heap may be blocking the growth of the native heap
# Possible solutions:
#   Reduce memory load on the system
#   Increase physical memory or swap space
#   Check if swap backing store is full
#   Decrease Java heap size (-Xmx/-Xms)
#   Decrease number of Java threads
#   Decrease Java thread stack sizes (-Xss)
#   Set larger code cache with -XX:ReservedCodeCacheSize=
#   JVM is running with Unscaled Compressed Oops mode in which the Java heap is
#     placed in the first 4GB address space. The Java Heap base address is the
#     maximum limit for the native heap growth. Please use -XX:HeapBaseMinAddress
#     to set the Java Heap base and to place the Java Heap above 4GB virtual address.
# This output file may be truncated or incomplete.
#
#  Out of Memory Error (os_windows.cpp:3528), pid=65300, tid=72432
#
# JRE version:  (20.0.1+9) (build )
# Java VM: Java HotSpot(TM) 64-Bit Server VM (20.0.1+9-29, mixed mode, sharing, tiered, compressed oops, compressed class ptrs, g1 gc, windows-amd64)
# No core dump will be written. Minidumps are not enabled by default on client versions of Windows
#

---------------  S U M M A R Y ------------

Command Line: 

Host: Intel(R) Core(TM) i5-10500T CPU @ 2.30GHz, 12 cores, 7G,  Windows 10 , 64 bit Build 19041 (10.0.19041.2913)
Time: Wed Aug 16 12:20:23 2023 Hora oficial do Brasil elapsed time: 0.014353 seconds (0d 0h 0m 0s)

---------------  T H R E A D  ---------------

Current thread (0x00000297529cbda0):  JavaThread "Unknown thread" [_thread_in_vm, id=72432, stack(0x000000ed05b00000,0x000000ed05c00000)]

Stack: [0x000000ed05b00000,0x000000ed05c00000]
Native frames: (J=compiled Java code, j=interpreted, Vv=VM code, C=native code)
V  [jvm.dll+0x6bb95a]
V  [jvm.dll+0x8485fa]
V  [jvm.dll+0x84a1f5]
V  [jvm.dll+0x84a8f3]
V  [jvm.dll+0x280b0f]
V  [jvm.dll+0x6b86e9]
V  [jvm.dll+0x6ad2da]
V  [jvm.dll+0x35adf5]
V  [jvm.dll+0x363016]
V  [jvm.dll+0x3b3b3e]
V  [jvm.dll+0x3b3dc5]
V  [jvm.dll+0x32b50a]
V  [jvm.dll+0x32c32b]
V  [jvm.dll+0x8112bf]
V  [jvm.dll+0x3c0d91]
V  [jvm.dll+0x7fcfe3]
V  [jvm.dll+0x44c76f]
V  [jvm.dll+0x44e0e1]
C  [jli.dll+0x5287]
C  [ucrtbase.dll+0x21bb2]
C  [KERNEL32.DLL+0x17614]
C  [ntdll.dll+0x526a1]


---------------  P R O C E S S  ---------------

Threads class SMR info:
_java_thread_list=0x00007ffbde8aa098, length=0, elements={
}

Java Threads: ( => current thread )

Other Threads:
  0x0000029752a28190 WorkerThread "GC Thread#0" [stack: 0x000000ed05c00000,0x000000ed05d00000] [id=68532]
  0x0000029752a3a990 ConcurrentGCThread "G1 Main Marker" [stack: 0x000000ed05d00000,0x000000ed05e00000] [id=72688]
  0x0000029752a3cb70 WorkerThread "G1 Conc#0" [stack: 0x000000ed05e00000,0x000000ed05f00000] [id=71356]

[error occurred during error reporting (printing all threads), id 0xc0000005, EXCEPTION_ACCESS_VIOLATION (0xc0000005) at pc=0x00007ffbde08eb47]
VM state: not at safepoint (not fully initialized)

VM Mutex/Monitor currently owned by a thread:  ([mutex/lock_event])
[0x00000297529c4bc0] Heap_lock - owner thread: 0x00000297529cbda0

Heap address: 0x0000000084600000, size: 1978 MB, Compressed Oops mode: 32-bit

CDS archive(s) mapped at: [0x0000000000000000-0x0000000000000000-0x0000000000000000), size 0, SharedBaseAddress: 0x0000000800000000, ArchiveRelocationMode: 0.
Narrow klass base: 0x0000000000000000, Narrow klass shift: 0, Narrow klass range: 0x0

GC Precious Log:
 CardTable entry size: 512
 Card Set container configuration: InlinePtr #cards 5 size 8 Array Of Cards #cards 12 size 40 Howl #buckets 4 coarsen threshold 1843 Howl Bitmap #cards 512 size 80 coarsen threshold 460 Card regions per heap region 1 cards per card region 2048

Heap:
 garbage-first heap   total 0K, used 0K [0x0000000084600000, 0x0000000100000000)
  region size 1024K, 0 young (0K), 0 survivors (0K)

[error occurred during error reporting (printing heap information), id 0xc0000005, EXCEPTION_ACCESS_VIOLATION (0xc0000005) at pc=0x00007ffbde463c59]
GC Heap History (0 events):
No events

Dll operation events (1 events):
Event: 0.007 Loaded shared library C:\Program Files\Java\jdk-20\bin\java.dll

Deoptimization events (0 events):
No events

Classes loaded (0 events):
No events

Classes unloaded (0 events):
No events

Classes redefined (0 events):
No events

Internal exceptions (0 events):
No events

VM Operations (0 events):
No events

Events (0 events):
No events


Dynamic libraries:
0x00007ff673d40000 - 0x00007ff673d50000 	C:\Program Files\Java\jdk-20\bin\java.exe
0x00007ffc2d8d0000 - 0x00007ffc2dac8000 	C:\Windows\SYSTEM32\ntdll.dll
0x00007ffc2cac0000 - 0x00007ffc2cb7f000 	C:\Windows\System32\KERNEL32.DLL
0x00007ffc2b270000 - 0x00007ffc2b566000 	C:\Windows\System32\KERNELBASE.dll
0x00007ffc2b0f0000 - 0x00007ffc2b1f0000 	C:\Windows\System32\ucrtbase.dll
0x00007ffc1f370000 - 0x00007ffc1f389000 	C:\Program Files\Java\jdk-20\bin\jli.dll
0x00007ffc1f350000 - 0x00007ffc1f36b000 	C:\Program Files\Java\jdk-20\bin\VCRUNTIME140.dll
0x00007ffc2d3a0000 - 0x00007ffc2d44f000 	C:\Windows\System32\ADVAPI32.dll
0x00007ffc2d2f0000 - 0x00007ffc2d38e000 	C:\Windows\System32\msvcrt.dll
0x00007ffc2cde0000 - 0x00007ffc2ce7c000 	C:\Windows\System32\sechost.dll
0x00007ffc2d0f0000 - 0x00007ffc2d216000 	C:\Windows\System32\RPCRT4.dll
0x00007ffc2cb80000 - 0x00007ffc2cd1d000 	C:\Windows\System32\USER32.dll
0x00007ffc12c70000 - 0x00007ffc12f0a000 	C:\Windows\WinSxS\amd64_microsoft.windows.common-controls_6595b64144ccf1df_6.0.19041.1110_none_60b5254171f9507e\COMCTL32.dll
0x00007ffc2b1f0000 - 0x00007ffc2b212000 	C:\Windows\System32\win32u.dll
0x00007ffc2c080000 - 0x00007ffc2c0ac000 	C:\Windows\System32\GDI32.dll
0x00007ffc2b5a0000 - 0x00007ffc2b6b5000 	C:\Windows\System32\gdi32full.dll
0x00007ffc2b890000 - 0x00007ffc2b92d000 	C:\Windows\System32\msvcp_win.dll
0x00007ffc25530000 - 0x00007ffc2553a000 	C:\Windows\SYSTEM32\VERSION.dll
0x00007ffc2d860000 - 0x00007ffc2d890000 	C:\Windows\System32\IMM32.DLL
0x00007ffc213f0000 - 0x00007ffc213fc000 	C:\Program Files\Java\jdk-20\bin\vcruntime140_1.dll
0x00007ffbf1a20000 - 0x00007ffbf1aae000 	C:\Program Files\Java\jdk-20\bin\msvcp140.dll
0x00007ffbddd50000 - 0x00007ffbde9e7000 	C:\Program Files\Java\jdk-20\bin\server\jvm.dll
0x00007ffc1b340000 - 0x00007ffc1b367000 	C:\Windows\SYSTEM32\WINMM.dll
0x00007ffc20cb0000 - 0x00007ffc20cb9000 	C:\Windows\SYSTEM32\WSOCK32.dll
0x00007ffc2cf20000 - 0x00007ffc2cf8b000 	C:\Windows\System32\WS2_32.dll
0x00007ffc28e00000 - 0x00007ffc28e12000 	C:\Windows\SYSTEM32\kernel.appcore.dll
0x00007ffc1fe60000 - 0x00007ffc1fe6a000 	C:\Program Files\Java\jdk-20\bin\jimage.dll
0x00007ffc18e30000 - 0x00007ffc19014000 	C:\Windows\SYSTEM32\DBGHELP.DLL
0x00007ffc179e0000 - 0x00007ffc17a14000 	C:\Windows\SYSTEM32\dbgcore.DLL
0x00007ffc2afb0000 - 0x00007ffc2b032000 	C:\Windows\System32\bcryptPrimitives.dll
0x00007ffc1e3e0000 - 0x00007ffc1e406000 	C:\Program Files\Java\jdk-20\bin\java.dll

dbghelp: loaded successfully - version: 4.0.5 - missing functions: none
symbol engine: initialized successfully - sym options: 0x614 - pdb path: .;C:\Program Files\Java\jdk-20\bin;C:\Windows\SYSTEM32;C:\Windows\WinSxS\amd64_microsoft.windows.common-controls_6595b64144ccf1df_6.0.19041.1110_none_60b5254171f9507e;C:\Program Files\Java\jdk-20\bin\server

VM Arguments:
java_command: <unknown>
java_class_path (initial): <not set>
Launcher Type: SUN_STANDARD

[Global flags]
     intx CICompilerCount                          = 4                                         {product} {ergonomic}
     uint ConcGCThreads                            = 3                                         {product} {ergonomic}
     uint G1ConcRefinementThreads                  = 10                                        {product} {ergonomic}
   size_t G1HeapRegionSize                         = 1048576                                   {product} {ergonomic}
    uintx GCDrainStackTargetSize                   = 64                                        {product} {ergonomic}
   size_t InitialHeapSize                          = 130023424                                 {product} {ergonomic}
   size_t MarkStackSize                            = 4194304                                   {product} {ergonomic}
   size_t MaxHeapSize                              = 2074083328                                {product} {ergonomic}
   size_t MinHeapDeltaBytes                        = 1048576                                   {product} {ergonomic}
   size_t MinHeapSize                              = 8388608                                   {product} {ergonomic}
    uintx NonNMethodCodeHeapSize                   = 5839372                                {pd product} {ergonomic}
    uintx NonProfiledCodeHeapSize                  = 122909434                              {pd product} {ergonomic}
    uintx ProfiledCodeHeapSize                     = 122909434                              {pd product} {ergonomic}
    uintx ReservedCodeCacheSize                    = 251658240                              {pd product} {ergonomic}
     bool SegmentedCodeCache                       = true                                      {product} {ergonomic}
   size_t SoftMaxHeapSize                          = 2074083328                             {manageable} {ergonomic}
     bool UseCompressedClassPointers               = true                           {product lp64_product} {ergonomic}
     bool UseCompressedOops                        = true                           {product lp64_product} {ergonomic}
     bool UseG1GC                                  = true                                      {product} {ergonomic}
     bool UseLargePagesIndividualAllocation        = false                                  {pd product} {ergonomic}

Logging:
Log output configuration:
 #0: stdout all=warning uptime,level,tags foldmultilines=false
 #1: stderr all=off uptime,level,tags foldmultilines=false

Environment Variables:
PATH=C:\Program Files\Common Files\Oracle\Java\javapath;C:\Program Files (x86)\Common Files\Oracle\Java\javapath;C:\Windows\system32;C:\Windows;C:\Windows\System32\Wbem;C:\Windows\System32\WindowsPowerShell\v1.0\;C:\Windows\System32\OpenSSH\;C:\Program Files\dotnet\;C:\Program Files\Microsoft VS Code\bin;C:\Program Files\nodejs\;C:\Users\Aluno\AppData\Local\Programs\Python\Python311\Scripts\;C:\Users\Aluno\AppData\Local\Programs\Python\Python311\;C:\Users\Aluno\AppData\Local\Programs\Python\Launcher\;C:\Users\Aluno\Anaconda3;C:\Users\Aluno\Anaconda3\Library\mingw-w64\bin;C:\Users\Aluno\Anaconda3\Library\usr\bin;C:\Users\Aluno\Anaconda3\Library\bin;C:\Users\Aluno\Anaconda3\Scripts;C:\Users\Aluno\AppData\Local\Microsoft\WindowsApps;C:\Users\Aluno\AppData\Local\Programs\Git\cmd;C:\Users\Aluno\AppData\Roaming\npm;C:\Users\Aluno\AppData\Local\Programs\Microsoft VS Code\bin;C:\src\flutter\bin;C:\Users\Aluno\AppData\Local\GitHubDesktop\bin
USERNAME=aluno
OS=Windows_NT
PROCESSOR_IDENTIFIER=Intel64 Family 6 Model 165 Stepping 3, GenuineIntel
TMP=C:\Users\Aluno\AppData\Local\Temp
TEMP=C:\Users\Aluno\AppData\Local\Temp




---------------  S Y S T E M  ---------------

OS:
 Windows 10 , 64 bit Build 19041 (10.0.19041.2913)
OS uptime: 5 days 23:50 hours

CPU: total 12 (initial active 12) (6 cores per cpu, 2 threads per core) family 6 model 165 stepping 3 microcode 0xf0, cx8, cmov, fxsr, ht, mmx, 3dnowpref, sse, sse2, sse3, ssse3, sse4.1, sse4.2, popcnt, lzcnt, tsc, tscinvbit, avx, avx2, aes, erms, clmul, bmi1, bmi2, adx, fma, vzeroupper, clflush, clflushopt, rdtscp, f16c

Memory: 4k page, system-wide physical 7906M (556M free)
TotalPageFile size 12002M (AvailPageFile size 49M)
current process WorkingSet (physical memory assigned to process): 10M, peak: 10M
current process commit charge ("private bytes"): 64M, peak: 188M

vm_info: Java HotSpot(TM) 64-Bit Server VM (20.0.1+9-29) for windows-amd64 JRE (20.0.1+9-29), built on 2023-03-07T13:56:11Z by "mach5one" with MS VC++ 17.1 (VS2022)

END.
